<?xml version="1.0" encoding="UTF-8"?>
<!-- Generated by org.testng.reporters.JUnitReportReporter -->
<testsuite hostname="DESKTOP-0MS46UJ" failures="0" tests="1" name="Test.TestfreshthymeApplication" time="31.449" errors="0" timestamp="06 Sep 2020 14:05:42 GMT" skipped="0">
  <testcase classname="Test.TestfreshthymeApplication" name="login" time="31.449"/>
</testsuite> <!-- Test.TestfreshthymeApplication -->
