<?xml version="1.0" encoding="UTF-8"?>
<!-- Generated by org.testng.reporters.JUnitReportReporter -->
<testsuite hostname="DESKTOP-0MS46UJ" failures="0" tests="2" name="Test.TestApplication" time="8.129" errors="0" timestamp="06 Sep 2020 13:04:24 GMT" skipped="0">
  <testcase classname="Test.TestApplication" name="numberOfForms" time="0.506"/>
  <testcase classname="Test.TestApplication" name="testErrorMessages" time="7.623"/>
</testsuite> <!-- Test.TestApplication -->
